<?xml version="1.0" encoding="UTF-8"?>
<!-- Generated by org.testng.reporters.JUnitReportReporter -->
<testsuite hostname="del1-lhp-n70078" failures="0" tests="2" name="test.day4" time="0.004" errors="0" timestamp="2023-02-21T00:19:12 IST" skipped="0">
  <testcase classname="test.day4" name="MobileloginHomeLoan" time="0.002"/>
  <system-out/>
  <testcase classname="test.day4" name="WebloginHomeLoan" time="0.002"/>
  <system-out/>
</testsuite> <!-- test.day4 -->
