<?xml version="1.0" encoding="UTF-8"?>
<!-- Generated by org.testng.reporters.JUnitReportReporter -->
<testsuite hostname="del1-lhp-n70078" failures="0" tests="6" name="test.day3" time="0.030" errors="0" timestamp="2023-02-21T00:19:12 IST" skipped="0">
  <testcase classname="test.day3" name="MobilelogincarLoan" time="0.003"/>
  <system-out/>
  <testcase classname="test.day3" name="MobilesignoutlogincarLoan" time="0.003"/>
  <system-out/>
  <testcase classname="test.day3" name="MobilesignoutlogincarLoan" time="0.013"/>
  <system-out/>
  <testcase classname="test.day3" name="MobileguestlogincarLoan" time="0.003"/>
  <system-out/>
  <testcase classname="test.day3" name="MobilesigninlogincarLoan" time="0.004"/>
  <system-out/>
  <testcase classname="test.day3" name="MobilesignoutlogincarLoan" time="0.004"/>
  <system-out/>
</testsuite> <!-- test.day3 -->
